[32m2025-09-22 14:47:23 +0000[0m - dagster - [34mDEBUG[0m - run - e51d22c2-6205-46a6-ba04-1f4d05c58353 - 37834 - LOGS_CAPTURED - Started capturing logs in process (pid: 37834).
[32m2025-09-22 14:47:24 +0000[0m - dagster - [34mDEBUG[0m - run - e51d22c2-6205-46a6-ba04-1f4d05c58353 - 37834 - train_model - STEP_START - Started execution of step "train_model".
[32m2025-09-22 14:47:24 +0000[0m - dagster - [34mDEBUG[0m - run - e51d22c2-6205-46a6-ba04-1f4d05c58353 - train_model - Loading file from: /workspaces/learning-mlops/part3/dagster_home/storage/storage/e51d22c2-6205-46a6-ba04-1f4d05c58353/create_train_x/X using PickledObjectFilesystemIOManager...
[32m2025-09-22 14:47:24 +0000[0m - dagster - [34mDEBUG[0m - run - e51d22c2-6205-46a6-ba04-1f4d05c58353 - 37834 - train_model - LOADED_INPUT - Loaded input "X_train" using input manager "io_manager", from output "X" of step "create_train_x"
[32m2025-09-22 14:47:24 +0000[0m - dagster - [34mDEBUG[0m - run - e51d22c2-6205-46a6-ba04-1f4d05c58353 - train_model - Loading file from: /workspaces/learning-mlops/part3/dagster_home/storage/storage/e51d22c2-6205-46a6-ba04-1f4d05c58353/extract_y_train/result using PickledObjectFilesystemIOManager...
[32m2025-09-22 14:47:24 +0000[0m - dagster - [34mDEBUG[0m - run - e51d22c2-6205-46a6-ba04-1f4d05c58353 - 37834 - train_model - LOADED_INPUT - Loaded input "y_train" using input manager "io_manager", from output "result" of step "extract_y_train"
[32m2025-09-22 14:47:24 +0000[0m - dagster - [34mDEBUG[0m - run - e51d22c2-6205-46a6-ba04-1f4d05c58353 - train_model - Loading file from: /workspaces/learning-mlops/part3/dagster_home/storage/storage/e51d22c2-6205-46a6-ba04-1f4d05c58353/create_val_x/X using PickledObjectFilesystemIOManager...
[32m2025-09-22 14:47:24 +0000[0m - dagster - [34mDEBUG[0m - run - e51d22c2-6205-46a6-ba04-1f4d05c58353 - 37834 - train_model - LOADED_INPUT - Loaded input "X_val" using input manager "io_manager", from output "X" of step "create_val_x"
[32m2025-09-22 14:47:24 +0000[0m - dagster - [34mDEBUG[0m - run - e51d22c2-6205-46a6-ba04-1f4d05c58353 - train_model - Loading file from: /workspaces/learning-mlops/part3/dagster_home/storage/storage/e51d22c2-6205-46a6-ba04-1f4d05c58353/extract_y_val/result using PickledObjectFilesystemIOManager...
[32m2025-09-22 14:47:24 +0000[0m - dagster - [34mDEBUG[0m - run - e51d22c2-6205-46a6-ba04-1f4d05c58353 - 37834 - train_model - LOADED_INPUT - Loaded input "y_val" using input manager "io_manager", from output "result" of step "extract_y_val"
[32m2025-09-22 14:47:24 +0000[0m - dagster - [34mDEBUG[0m - run - e51d22c2-6205-46a6-ba04-1f4d05c58353 - train_model - Loading file from: /workspaces/learning-mlops/part3/dagster_home/storage/storage/e51d22c2-6205-46a6-ba04-1f4d05c58353/create_train_x/dv using PickledObjectFilesystemIOManager...
[32m2025-09-22 14:47:24 +0000[0m - dagster - [34mDEBUG[0m - run - e51d22c2-6205-46a6-ba04-1f4d05c58353 - 37834 - train_model - LOADED_INPUT - Loaded input "dv" using input manager "io_manager", from output "dv" of step "create_train_x"
[32m2025-09-22 14:47:24 +0000[0m - dagster - [34mDEBUG[0m - run - e51d22c2-6205-46a6-ba04-1f4d05c58353 - 37834 - train_model - STEP_INPUT - Got input "X_train" of type "Any". (Type check passed).
[32m2025-09-22 14:47:24 +0000[0m - dagster - [34mDEBUG[0m - run - e51d22c2-6205-46a6-ba04-1f4d05c58353 - 37834 - train_model - STEP_INPUT - Got input "y_train" of type "Any". (Type check passed).
[32m2025-09-22 14:47:24 +0000[0m - dagster - [34mDEBUG[0m - run - e51d22c2-6205-46a6-ba04-1f4d05c58353 - 37834 - train_model - STEP_INPUT - Got input "X_val" of type "Any". (Type check passed).
[32m2025-09-22 14:47:24 +0000[0m - dagster - [34mDEBUG[0m - run - e51d22c2-6205-46a6-ba04-1f4d05c58353 - 37834 - train_model - STEP_INPUT - Got input "y_val" of type "Any". (Type check passed).
[32m2025-09-22 14:47:24 +0000[0m - dagster - [34mDEBUG[0m - run - e51d22c2-6205-46a6-ba04-1f4d05c58353 - 37834 - train_model - STEP_INPUT - Got input "dv" of type "Any". (Type check passed).
/usr/local/python/3.12.1/lib/python3.12/site-packages/xgboost/callback.py:386: UserWarning: [14:47:24] WARNING: /workspace/src/objective/regression_obj.cu:245: reg:linear is now deprecated in favor of reg:squarederror.
  self.starting_round = model.num_boosted_rounds()
2025/09/22 14:47:45 WARNING mlflow.models.model: `artifact_path` is deprecated. Please use `name` instead.
/usr/local/python/3.12.1/lib/python3.12/site-packages/mlflow/xgboost/__init__.py:169: UserWarning: [14:47:45] WARNING: /workspace/src/c_api/c_api.cc:1427: Saving model in the UBJSON format as default.  You can use file extension: `json`, `ubj` or `deprecated` to choose between formats.
  xgb_model.save_model(model_data_path)
[31m2025/09/22 14:47:50 WARNING mlflow.models.model: Model logged without a signature and input example. Please set `input_example` parameter when logging the model to auto infer the model signature.[0m
[32m2025-09-22 14:47:50 +0000[0m - dagster - [34mDEBUG[0m - run - e51d22c2-6205-46a6-ba04-1f4d05c58353 - 37834 - train_model - STEP_OUTPUT - Yielded output "result" of type "String". (Type check passed).
[32m2025-09-22 14:47:50 +0000[0m - dagster - [34mDEBUG[0m - run - e51d22c2-6205-46a6-ba04-1f4d05c58353 - train_model - Writing file at: /workspaces/learning-mlops/part3/dagster_home/storage/storage/e51d22c2-6205-46a6-ba04-1f4d05c58353/train_model/result using PickledObjectFilesystemIOManager...
[32m2025-09-22 14:47:50 +0000[0m - dagster - [34mDEBUG[0m - run - e51d22c2-6205-46a6-ba04-1f4d05c58353 - 37834 - train_model - HANDLED_OUTPUT - Handled output "result" using IO manager "io_manager"
[32m2025-09-22 14:47:50 +0000[0m - dagster - [34mDEBUG[0m - run - e51d22c2-6205-46a6-ba04-1f4d05c58353 - 37834 - train_model - STEP_SUCCESS - Finished execution of step "train_model" in 26.27s.
